OpenROAD v2.0-6895-g5c85b36f8 
This program is licensed under the BSD-3 license. See the LICENSE file for details.
Components of this program may be licensed under more restrictive licenses which must be honored.
[WARNING STA-0164] /home/pst_nafi/OpenROAD-flow-scripts/flow/platforms/asap7/lib/asap7sc7p5t_SIMPLE_RVT_FF_nldm_211120.lib.gz line 13178, timing group from output port.
[WARNING STA-0164] /home/pst_nafi/OpenROAD-flow-scripts/flow/platforms/asap7/lib/asap7sc7p5t_SIMPLE_RVT_FF_nldm_211120.lib.gz line 13211, timing group from output port.
[WARNING STA-0164] /home/pst_nafi/OpenROAD-flow-scripts/flow/platforms/asap7/lib/asap7sc7p5t_SIMPLE_RVT_FF_nldm_211120.lib.gz line 13244, timing group from output port.
[WARNING STA-0164] /home/pst_nafi/OpenROAD-flow-scripts/flow/platforms/asap7/lib/asap7sc7p5t_SIMPLE_RVT_FF_nldm_211120.lib.gz line 13277, timing group from output port.
[WARNING STA-0164] /home/pst_nafi/OpenROAD-flow-scripts/flow/platforms/asap7/lib/asap7sc7p5t_SIMPLE_RVT_FF_nldm_211120.lib.gz line 13310, timing group from output port.
[WARNING STA-0164] /home/pst_nafi/OpenROAD-flow-scripts/flow/platforms/asap7/lib/asap7sc7p5t_SIMPLE_RVT_FF_nldm_211120.lib.gz line 13343, timing group from output port.
[WARNING STA-0164] /home/pst_nafi/OpenROAD-flow-scripts/flow/platforms/asap7/lib/asap7sc7p5t_SIMPLE_RVT_FF_nldm_211120.lib.gz line 13376, timing group from output port.
[WARNING STA-0164] /home/pst_nafi/OpenROAD-flow-scripts/flow/platforms/asap7/lib/asap7sc7p5t_SIMPLE_RVT_FF_nldm_211120.lib.gz line 14772, timing group from output port.
[WARNING STA-0164] /home/pst_nafi/OpenROAD-flow-scripts/flow/platforms/asap7/lib/asap7sc7p5t_SIMPLE_RVT_FF_nldm_211120.lib.gz line 14805, timing group from output port.
[WARNING STA-0164] /home/pst_nafi/OpenROAD-flow-scripts/flow/platforms/asap7/lib/asap7sc7p5t_SIMPLE_RVT_FF_nldm_211120.lib.gz line 14838, timing group from output port.
[WARNING STA-0053] /home/pst_nafi/OpenROAD-flow-scripts/flow/platforms/asap7/lib/asap7sc7p5t_AO_RVT_FF_nldm_211120.lib.gz line 34, library asap7sc7p5t_AO_RVT_FF_nldm_211120 already exists.
[WARNING STA-0053] /home/pst_nafi/OpenROAD-flow-scripts/flow/platforms/asap7/lib/asap7sc7p5t_INVBUF_RVT_FF_nldm_220122.lib.gz line 34, library asap7sc7p5t_INVBUF_RVT_FF_nldm_211120 already exists.
[WARNING STA-0053] /home/pst_nafi/OpenROAD-flow-scripts/flow/platforms/asap7/lib/asap7sc7p5t_OA_RVT_FF_nldm_211120.lib.gz line 34, library asap7sc7p5t_OA_RVT_FF_nldm_211120 already exists.
[WARNING STA-0053] /home/pst_nafi/OpenROAD-flow-scripts/flow/platforms/asap7/lib/asap7sc7p5t_SIMPLE_RVT_FF_nldm_211120.lib.gz line 34, library asap7sc7p5t_SIMPLE_RVT_FF_nldm_211120 already exists.
[WARNING STA-0164] /home/pst_nafi/OpenROAD-flow-scripts/flow/platforms/asap7/lib/asap7sc7p5t_SIMPLE_RVT_FF_nldm_211120.lib.gz line 13178, timing group from output port.
[WARNING STA-0164] /home/pst_nafi/OpenROAD-flow-scripts/flow/platforms/asap7/lib/asap7sc7p5t_SIMPLE_RVT_FF_nldm_211120.lib.gz line 13211, timing group from output port.
[WARNING STA-0164] /home/pst_nafi/OpenROAD-flow-scripts/flow/platforms/asap7/lib/asap7sc7p5t_SIMPLE_RVT_FF_nldm_211120.lib.gz line 13244, timing group from output port.
[WARNING STA-0164] /home/pst_nafi/OpenROAD-flow-scripts/flow/platforms/asap7/lib/asap7sc7p5t_SIMPLE_RVT_FF_nldm_211120.lib.gz line 13277, timing group from output port.
[WARNING STA-0164] /home/pst_nafi/OpenROAD-flow-scripts/flow/platforms/asap7/lib/asap7sc7p5t_SIMPLE_RVT_FF_nldm_211120.lib.gz line 13310, timing group from output port.
[WARNING STA-0164] /home/pst_nafi/OpenROAD-flow-scripts/flow/platforms/asap7/lib/asap7sc7p5t_SIMPLE_RVT_FF_nldm_211120.lib.gz line 13343, timing group from output port.
[WARNING STA-0164] /home/pst_nafi/OpenROAD-flow-scripts/flow/platforms/asap7/lib/asap7sc7p5t_SIMPLE_RVT_FF_nldm_211120.lib.gz line 13376, timing group from output port.
[WARNING STA-0164] /home/pst_nafi/OpenROAD-flow-scripts/flow/platforms/asap7/lib/asap7sc7p5t_SIMPLE_RVT_FF_nldm_211120.lib.gz line 14772, timing group from output port.
[WARNING STA-0164] /home/pst_nafi/OpenROAD-flow-scripts/flow/platforms/asap7/lib/asap7sc7p5t_SIMPLE_RVT_FF_nldm_211120.lib.gz line 14805, timing group from output port.
[WARNING STA-0164] /home/pst_nafi/OpenROAD-flow-scripts/flow/platforms/asap7/lib/asap7sc7p5t_SIMPLE_RVT_FF_nldm_211120.lib.gz line 14838, timing group from output port.
[WARNING STA-0053] /home/pst_nafi/OpenROAD-flow-scripts/flow/platforms/asap7/lib/asap7sc7p5t_SEQ_RVT_FF_nldm_220123.lib line 35, library asap7sc7p5t_SEQ_RVT_FF_nldm_220123 already exists.
[WARNING STA-0053] ./platforms/asap7/lib/fakeram7_256x32.lib line 1, library fakeram7_256x32 already exists.
[INFO ODB-0222] Reading LEF file: /home/pst_nafi/OpenROAD-flow-scripts/flow/platforms/asap7/lef/asap7_tech_1x_201209.lef
[INFO ODB-0223]     Created 24 technology layers
[INFO ODB-0224]     Created 9 technology vias
[INFO ODB-0226] Finished LEF file:  /home/pst_nafi/OpenROAD-flow-scripts/flow/platforms/asap7/lef/asap7_tech_1x_201209.lef
[INFO ODB-0222] Reading LEF file: /home/pst_nafi/OpenROAD-flow-scripts/flow/platforms/asap7/lef/asap7sc7p5t_28_R_1x_220121a.lef
[INFO ODB-0225]     Created 212 library cells
[INFO ODB-0226] Finished LEF file:  /home/pst_nafi/OpenROAD-flow-scripts/flow/platforms/asap7/lef/asap7sc7p5t_28_R_1x_220121a.lef
[INFO ODB-0222] Reading LEF file: ./platforms/asap7/lef/fakeram7_256x32.lef
[INFO ODB-0225]     Created 1 library cells
[INFO ODB-0226] Finished LEF file:  ./platforms/asap7/lef/fakeram7_256x32.lef

==========================================================================
Floorplan check_setup
--------------------------------------------------------------------------
number instances in verilog is 10127
[WARNING IFP-0028] Core area lower left (5.000, 5.000) snapped to (5.022, 5.130).
[INFO IFP-0001] Added 388 rows of 1944 sites.
[INFO RSZ-0026] Removed 967 buffers.
Default units for flow
 time 1ps
 capacitance 1fF
 resistance 1kohm
 voltage 1v
 current 1mA
 power 1pW
 distance 1um

==========================================================================
floorplan final check_setup
--------------------------------------------------------------------------

==========================================================================
floorplan final report_tns
--------------------------------------------------------------------------
tns -2760714.00

==========================================================================
floorplan final report_wns
--------------------------------------------------------------------------
wns -2493.22

==========================================================================
floorplan final report_worst_slack
--------------------------------------------------------------------------
worst slack -2493.22

==========================================================================
floorplan final report_checks -path_delay min
--------------------------------------------------------------------------
Startpoint: reset (input port clocked by clk)
Endpoint: riscv/dp/pcreg/_67_ (removal check against rising-edge clock clk)
Path Group: **async_default**
Path Type: min

Fanout     Cap    Slew   Delay    Time   Description
-----------------------------------------------------------------------------
                  0.00    0.00    0.00   clock clk (rise edge)
                          0.00    0.00   clock network delay (ideal)
                         50.00   50.00 v input external delay
                  0.00    0.00   50.00 v reset (in)
     1    1.46                           reset (net)
                  0.00    0.00   50.00 v riscv/dp/pcreg/_34_/A (INVx3_ASAP7_75t_R)
                 59.70   27.19   77.19 ^ riscv/dp/pcreg/_34_/Y (INVx3_ASAP7_75t_R)
    32   29.08                           riscv/dp/pcreg/_32_ (net)
                 59.70    0.00   77.19 ^ riscv/dp/pcreg/_67_/SETN (DFFASRHQNx1_ASAP7_75t_R)
                                 77.19   data arrival time

                  0.00    0.00    0.00   clock clk (rise edge)
                          0.00    0.00   clock network delay (ideal)
                          0.00    0.00   clock reconvergence pessimism
                                  0.00 ^ riscv/dp/pcreg/_67_/CLK (DFFASRHQNx1_ASAP7_75t_R)
                         11.41   11.41   library removal time
                                 11.41   data required time
-----------------------------------------------------------------------------
                                 11.41   data required time
                                -77.19   data arrival time
-----------------------------------------------------------------------------
                                 65.77   slack (MET)


Startpoint: riscv/dp/rf/_13372_
            (falling edge-triggered flip-flop clocked by clk')
Endpoint: riscv/dp/rf/_13372_ (falling edge-triggered flip-flop clocked by clk')
Path Group: clk
Path Type: min

Fanout     Cap    Slew   Delay    Time   Description
-----------------------------------------------------------------------------
                  0.00    0.00    0.00   clock clk' (fall edge)
                          0.00    0.00   clock network delay (ideal)
                  0.00    0.00    0.00 v riscv/dp/rf/_13372_/CLK (DFFLQNx1_ASAP7_75t_R)
                 11.46   32.94   32.94 v riscv/dp/rf/_13372_/QN (DFFLQNx1_ASAP7_75t_R)
     1    0.51                           riscv/dp/rf/_00671_ (net)
                 11.46    0.00   32.94 v riscv/dp/rf/_07125_/A (INVx1_ASAP7_75t_R)
                 10.65    8.56   41.50 ^ riscv/dp/rf/_07125_/Y (INVx1_ASAP7_75t_R)
     3    1.24                           riscv/dp/rf/_01377_ (net)
                 10.65    0.00   41.50 ^ riscv/dp/rf/_13372_/D (DFFLQNx1_ASAP7_75t_R)
                                 41.50   data arrival time

                  0.00    0.00    0.00   clock clk' (fall edge)
                          0.00    0.00   clock network delay (ideal)
                          0.00    0.00   clock reconvergence pessimism
                                  0.00 v riscv/dp/rf/_13372_/CLK (DFFLQNx1_ASAP7_75t_R)
                          5.29    5.29   library hold time
                                  5.29   data required time
-----------------------------------------------------------------------------
                                  5.29   data required time
                                -41.50   data arrival time
-----------------------------------------------------------------------------
                                 36.21   slack (MET)



==========================================================================
floorplan final report_checks -path_delay max
--------------------------------------------------------------------------
Startpoint: reset (input port clocked by clk)
Endpoint: riscv/dp/pcreg/_67_ (recovery check against rising-edge clock clk)
Path Group: **async_default**
Path Type: max

Fanout     Cap    Slew   Delay    Time   Description
-----------------------------------------------------------------------------
                  0.00    0.00    0.00   clock clk (rise edge)
                          0.00    0.00   clock network delay (ideal)
                         50.00   50.00 v input external delay
                  0.00    0.00   50.00 v reset (in)
     1    1.96                           reset (net)
                  0.00    0.00   50.00 v riscv/dp/pcreg/_34_/A (INVx3_ASAP7_75t_R)
                 75.99   34.30   84.30 ^ riscv/dp/pcreg/_34_/Y (INVx3_ASAP7_75t_R)
    32   37.19                           riscv/dp/pcreg/_32_ (net)
                 75.99    0.00   84.30 ^ riscv/dp/pcreg/_67_/SETN (DFFASRHQNx1_ASAP7_75t_R)
                                 84.30   data arrival time

                  0.00  400.00  400.00   clock clk (rise edge)
                          0.00  400.00   clock network delay (ideal)
                          0.00  400.00   clock reconvergence pessimism
                                400.00 ^ riscv/dp/pcreg/_67_/CLK (DFFASRHQNx1_ASAP7_75t_R)
                         -6.45  393.55   library recovery time
                                393.55   data required time
-----------------------------------------------------------------------------
                                393.55   data required time
                                -84.30   data arrival time
-----------------------------------------------------------------------------
                                309.25   slack (MET)


Startpoint: riscv/dp/pcreg/_89_ (rising edge-triggered flip-flop clocked by clk)
Endpoint: riscv/dp/rf/_13308_ (falling edge-triggered flip-flop clocked by clk')
Path Group: clk
Path Type: max

Fanout     Cap    Slew   Delay    Time   Description
-----------------------------------------------------------------------------
                  0.00    0.00    0.00   clock clk (rise edge)
                          0.00    0.00   clock network delay (ideal)
                  0.00    0.00    0.00 ^ riscv/dp/pcreg/_89_/CLK (DFFASRHQNx1_ASAP7_75t_R)
                 21.68   41.05   41.05 ^ riscv/dp/pcreg/_89_/QN (DFFASRHQNx1_ASAP7_75t_R)
     1    1.96                           riscv/dp/pcreg/_09_ (net)
                 21.68    0.00   41.05 ^ riscv/dp/pcreg/_44_/A (INVx3_ASAP7_75t_R)
                 12.07   10.01   51.06 v riscv/dp/pcreg/_44_/Y (INVx3_ASAP7_75t_R)
     5    4.21                           pc[22] (net)
                 12.07    0.00   51.06 v boot/_16_/C (OR4x1_ASAP7_75t_R)
                 10.50   30.51   81.56 v boot/_16_/Y (OR4x1_ASAP7_75t_R)
     1    0.55                           boot/_03_ (net)
                 10.50    0.00   81.56 v boot/_17_/E (OR5x1_ASAP7_75t_R)
                 15.51   40.76  122.33 v boot/_17_/Y (OR5x1_ASAP7_75t_R)
     1    1.09                           boot/_04_ (net)
                 15.51    0.00  122.33 v boot/_18_/B (NOR2x1_ASAP7_75t_R)
                 16.94   13.02  135.35 ^ boot/_18_/Y (NOR2x1_ASAP7_75t_R)
     3    1.66                           boot/_05_ (net)
                 16.94    0.00  135.35 ^ boot/_27_/B (AND5x1_ASAP7_75t_R)
                 24.29   38.61  173.96 ^ boot/_27_/Y (AND5x1_ASAP7_75t_R)
     4    2.26                           instr_int[17] (net)
                 24.29    0.00  173.96 ^ pcmux/_054_/B (AND2x2_ASAP7_75t_R)
                  7.65   20.38  194.34 ^ pcmux/_054_/Y (AND2x2_ASAP7_75t_R)
     1    0.63                           pcmux/_007_ (net)
                  7.65    0.00  194.34 ^ pcmux/_055_/B (AO21x2_ASAP7_75t_R)
                 16.99   16.57  210.90 ^ pcmux/_055_/Y (AO21x2_ASAP7_75t_R)
     6    4.05                           instr_out[6] (net)
                 16.99    0.00  210.90 ^ riscv/c/md/_29_/A (INVx1_ASAP7_75t_R)
                 13.08   10.59  221.49 v riscv/c/md/_29_/Y (INVx1_ASAP7_75t_R)
     3    1.84                           riscv/c/md/_03_ (net)
                 13.08    0.00  221.49 v riscv/c/md/_40_/B (AND4x2_ASAP7_75t_R)
                 64.27   45.88  267.37 v riscv/c/md/_40_/Y (AND4x2_ASAP7_75t_R)
    44   22.77                           riscv/imm[2] (net)
                 64.27    0.00  267.37 v riscv/dp/rs1mux/_06_/A (INVx1_ASAP7_75t_R)
                 33.29   26.84  294.21 ^ riscv/dp/rs1mux/_06_/Y (INVx1_ASAP7_75t_R)
     5    3.11                           riscv/dp/rs1mux/_00_ (net)
                 33.29    0.00  294.21 ^ riscv/dp/rs1mux/_08_/A2 (AO21x2_ASAP7_75t_R)
               1448.76  658.35  952.56 ^ riscv/dp/rs1mux/_08_/Y (AO21x2_ASAP7_75t_R)
   678  482.84                           riscv/dp/rs1[0] (net)
               1448.76    0.00  952.56 ^ riscv/dp/rf/_07012_/A (INVx1_ASAP7_75t_R)
                800.77 1090.26 2042.83 v riscv/dp/rf/_07012_/Y (INVx1_ASAP7_75t_R)
   201  115.39                           riscv/dp/rf/_02071_ (net)
                800.77    0.00 2042.83 v riscv/dp/rf/_07306_/C (OA211x2_ASAP7_75t_R)
                 28.13  170.32 2213.14 v riscv/dp/rf/_07306_/Y (OA211x2_ASAP7_75t_R)
     1    0.60                           riscv/dp/rf/_02359_ (net)
                 28.13    0.00 2213.14 v riscv/dp/rf/_07307_/C (OR3x1_ASAP7_75t_R)
                 12.82   26.71 2239.86 v riscv/dp/rf/_07307_/Y (OR3x1_ASAP7_75t_R)
     1    0.50                           riscv/dp/rf/_02360_ (net)
                 12.82    0.00 2239.86 v riscv/dp/rf/_07329_/B (AND5x1_ASAP7_75t_R)
                  7.36   19.22 2259.08 v riscv/dp/rf/_07329_/Y (AND5x1_ASAP7_75t_R)
     1    0.63                           riscv/dp/rf/_02381_ (net)
                  7.36    0.00 2259.08 v riscv/dp/rf/_07330_/B (AO21x1_ASAP7_75t_R)
                 35.77   30.50 2289.58 v riscv/dp/rf/_07330_/Y (AO21x1_ASAP7_75t_R)
     8    6.66                           riscv/dp/srca2[3] (net)
                 35.77    0.00 2289.58 v riscv/dp/alu/_744_/A (INVx1_ASAP7_75t_R)
                 15.24   12.69 2302.27 ^ riscv/dp/alu/_744_/Y (INVx1_ASAP7_75t_R)
     1    1.06                           riscv/dp/alu/_368_ (net)
                 15.24    0.00 2302.27 ^ riscv/dp/alu/_807_/A (HAxp5_ASAP7_75t_R)
                 67.20   63.03 2365.30 ^ riscv/dp/alu/_807_/SN (HAxp5_ASAP7_75t_R)
     5    4.48                           riscv/dp/alu/_078_ (net)
                 67.20    0.00 2365.30 ^ riscv/dp/alu/_547_/A2 (AO211x2_ASAP7_75t_R)
                  8.02   28.42 2393.72 ^ riscv/dp/alu/_547_/Y (AO211x2_ASAP7_75t_R)
     1    0.61                           riscv/dp/alu/_152_ (net)
                  8.02    0.00 2393.72 ^ riscv/dp/alu/_550_/A1 (OA21x2_ASAP7_75t_R)
                 14.09   19.86 2413.58 ^ riscv/dp/alu/_550_/Y (OA21x2_ASAP7_75t_R)
     3    3.30                           riscv/dp/alu/_323_ (net)
                 14.09    0.00 2413.58 ^ riscv/dp/alu/_552_/B2 (AO221x1_ASAP7_75t_R)
                 15.93   21.90 2435.48 ^ riscv/dp/alu/_552_/Y (AO221x1_ASAP7_75t_R)
     3    1.74                           riscv/dp/alu/_156_ (net)
                 15.93    0.00 2435.48 ^ riscv/dp/alu/_554_/B1 (OA22x2_ASAP7_75t_R)
                 18.81   24.48 2459.96 ^ riscv/dp/alu/_554_/Y (OA22x2_ASAP7_75t_R)
     6    4.80                           riscv/dp/alu/_158_ (net)
                 18.81    0.00 2459.96 ^ riscv/dp/alu/_573_/A1 (OAI21x1_ASAP7_75t_R)
                 17.90   12.89 2472.85 v riscv/dp/alu/_573_/Y (OAI21x1_ASAP7_75t_R)
     2    2.96                           riscv/dp/alu/_177_ (net)
                 17.90    0.00 2472.85 v riscv/dp/alu/_726_/A (INVx3_ASAP7_75t_R)
                 10.56    8.86 2481.71 ^ riscv/dp/alu/_726_/Y (INVx3_ASAP7_75t_R)
     2    2.78                           riscv/dp/alu/_357_ (net)
                 10.56    0.00 2481.71 ^ riscv/dp/alu/_734_/A1 (OA21x2_ASAP7_75t_R)
                 10.85   18.71 2500.43 ^ riscv/dp/alu/_734_/Y (OA21x2_ASAP7_75t_R)
     1    2.17                           riscv/dp/alu/_360_ (net)
                 10.85    0.00 2500.43 ^ riscv/dp/alu/_800_/B (FAx1_ASAP7_75t_R)
                 25.02   16.82 2517.25 v riscv/dp/alu/_800_/CON (FAx1_ASAP7_75t_R)
     1    1.05                           riscv/dp/alu/_071_ (net)
                 25.02    0.00 2517.25 v riscv/dp/alu/_739_/B (XOR2x2_ASAP7_75t_R)
                 10.10   26.74 2543.99 v riscv/dp/alu/_739_/Y (XOR2x2_ASAP7_75t_R)
     1    1.23                           riscv/dp/alu/_303_ (net)
                 10.10    0.00 2543.99 v riscv/dp/alu/_740_/B2 (OAI22x1_ASAP7_75t_R)
                 35.81   10.09 2554.08 ^ riscv/dp/alu/_740_/Y (OAI22x1_ASAP7_75t_R)
     1    0.53                           riscv/dp/alu/_304_ (net)
                 35.81    0.00 2554.08 ^ riscv/dp/alu/_741_/C (AO221x1_ASAP7_75t_R)
                 10.77   20.76 2574.84 ^ riscv/dp/alu/_741_/Y (AO221x1_ASAP7_75t_R)
     1    0.63                           riscv/dp/aluout2[31] (net)
                 10.77    0.00 2574.84 ^ riscv/dp/srccmux/_109_/A2 (AO21x1_ASAP7_75t_R)
                 95.90   54.39 2629.23 ^ riscv/dp/srccmux/_109_/Y (AO21x1_ASAP7_75t_R)
     9   15.82                           dataadr[31] (net)
                 95.90    0.00 2629.23 ^ dmem/_133_/C (NOR3x2_ASAP7_75t_R)
                 43.69   41.35 2670.58 v dmem/_133_/Y (NOR3x2_ASAP7_75t_R)
     3    6.03                           dmem/ce_mem[0] (net)
                 43.69    0.00 2670.58 v dmem/_145_/B2 (AO22x1_ASAP7_75t_R)
                  9.29   26.71 2697.29 v dmem/_145_/Y (AO22x1_ASAP7_75t_R)
     1    0.64                           dmem/_006_ (net)
                  9.29    0.00 2697.29 v dmem/_146_/B (AO21x2_ASAP7_75t_R)
                  8.96   19.48 2716.77 v dmem/_146_/Y (AO21x2_ASAP7_75t_R)
     3    1.63                           readdata[0] (net)
                  8.96    0.00 2716.77 v riscv/dp/halfbytemux1/_113_/A (AND2x2_ASAP7_75t_R)
                  6.49   16.64 2733.41 v riscv/dp/halfbytemux1/_113_/Y (AND2x2_ASAP7_75t_R)
     1    0.63                           riscv/dp/halfbytemux1/_003_ (net)
                  6.49    0.00 2733.41 v riscv/dp/halfbytemux1/_114_/B (AO21x1_ASAP7_75t_R)
                  7.94   15.06 2748.47 v riscv/dp/halfbytemux1/_114_/Y (AO21x1_ASAP7_75t_R)
     1    0.63                           riscv/dp/halfbytemux1/_004_ (net)
                  7.94    0.00 2748.47 v riscv/dp/halfbytemux1/_116_/A2 (AO21x1_ASAP7_75t_R)
                  8.43   13.70 2762.17 v riscv/dp/halfbytemux1/_116_/Y (AO21x1_ASAP7_75t_R)
     1    0.51                           riscv/dp/readdata4[0] (net)
                  8.43    0.00 2762.17 v riscv/dp/resmux/_040_/A (AND2x2_ASAP7_75t_R)
                  9.17   16.47 2778.63 v riscv/dp/resmux/_040_/Y (AND2x2_ASAP7_75t_R)
     1    0.63                           riscv/dp/resmux/_038_ (net)
                  9.17    0.00 2778.63 v riscv/dp/resmux/_041_/B (AO21x1_ASAP7_75t_R)
                  8.26   15.59 2794.22 v riscv/dp/resmux/_041_/Y (AO21x1_ASAP7_75t_R)
     1    0.61                           riscv/dp/result[0] (net)
                  8.26    0.00 2794.22 v riscv/dp/storepcmux/_041_/A1 (AO21x1_ASAP7_75t_R)
                 94.71   58.73 2852.95 v riscv/dp/storepcmux/_041_/Y (AO21x1_ASAP7_75t_R)
    31   18.96                           riscv/dp/result2[0] (net)
                 94.71    0.00 2852.95 v riscv/dp/rf/_11375_/A1 (AO21x1_ASAP7_75t_R)
                 12.25   30.15 2883.11 v riscv/dp/rf/_11375_/Y (AO21x1_ASAP7_75t_R)
     1    0.62                           riscv/dp/rf/_01313_ (net)
                 12.25    0.00 2883.11 v riscv/dp/rf/_13308_/D (DFFLQNx1_ASAP7_75t_R)
                               2883.11   data arrival time

                  0.00  400.00  400.00   clock clk' (fall edge)
                          0.00  400.00   clock network delay (ideal)
                          0.00  400.00   clock reconvergence pessimism
                                400.00 v riscv/dp/rf/_13308_/CLK (DFFLQNx1_ASAP7_75t_R)
                        -10.11  389.89   library setup time
                                389.89   data required time
-----------------------------------------------------------------------------
                                389.89   data required time
                               -2883.11   data arrival time
-----------------------------------------------------------------------------
                               -2493.22   slack (VIOLATED)



==========================================================================
floorplan final report_checks -unconstrained
--------------------------------------------------------------------------
Startpoint: reset (input port clocked by clk)
Endpoint: riscv/dp/pcreg/_67_ (recovery check against rising-edge clock clk)
Path Group: **async_default**
Path Type: max

Fanout     Cap    Slew   Delay    Time   Description
-----------------------------------------------------------------------------
                  0.00    0.00    0.00   clock clk (rise edge)
                          0.00    0.00   clock network delay (ideal)
                         50.00   50.00 v input external delay
                  0.00    0.00   50.00 v reset (in)
     1    1.96                           reset (net)
                  0.00    0.00   50.00 v riscv/dp/pcreg/_34_/A (INVx3_ASAP7_75t_R)
                 75.99   34.30   84.30 ^ riscv/dp/pcreg/_34_/Y (INVx3_ASAP7_75t_R)
    32   37.19                           riscv/dp/pcreg/_32_ (net)
                 75.99    0.00   84.30 ^ riscv/dp/pcreg/_67_/SETN (DFFASRHQNx1_ASAP7_75t_R)
                                 84.30   data arrival time

                  0.00  400.00  400.00   clock clk (rise edge)
                          0.00  400.00   clock network delay (ideal)
                          0.00  400.00   clock reconvergence pessimism
                                400.00 ^ riscv/dp/pcreg/_67_/CLK (DFFASRHQNx1_ASAP7_75t_R)
                         -6.45  393.55   library recovery time
                                393.55   data required time
-----------------------------------------------------------------------------
                                393.55   data required time
                                -84.30   data arrival time
-----------------------------------------------------------------------------
                                309.25   slack (MET)


Startpoint: riscv/dp/pcreg/_89_ (rising edge-triggered flip-flop clocked by clk)
Endpoint: riscv/dp/rf/_13308_ (falling edge-triggered flip-flop clocked by clk')
Path Group: clk
Path Type: max

Fanout     Cap    Slew   Delay    Time   Description
-----------------------------------------------------------------------------
                  0.00    0.00    0.00   clock clk (rise edge)
                          0.00    0.00   clock network delay (ideal)
                  0.00    0.00    0.00 ^ riscv/dp/pcreg/_89_/CLK (DFFASRHQNx1_ASAP7_75t_R)
                 21.68   41.05   41.05 ^ riscv/dp/pcreg/_89_/QN (DFFASRHQNx1_ASAP7_75t_R)
     1    1.96                           riscv/dp/pcreg/_09_ (net)
                 21.68    0.00   41.05 ^ riscv/dp/pcreg/_44_/A (INVx3_ASAP7_75t_R)
                 12.07   10.01   51.06 v riscv/dp/pcreg/_44_/Y (INVx3_ASAP7_75t_R)
     5    4.21                           pc[22] (net)
                 12.07    0.00   51.06 v boot/_16_/C (OR4x1_ASAP7_75t_R)
                 10.50   30.51   81.56 v boot/_16_/Y (OR4x1_ASAP7_75t_R)
     1    0.55                           boot/_03_ (net)
                 10.50    0.00   81.56 v boot/_17_/E (OR5x1_ASAP7_75t_R)
                 15.51   40.76  122.33 v boot/_17_/Y (OR5x1_ASAP7_75t_R)
     1    1.09                           boot/_04_ (net)
                 15.51    0.00  122.33 v boot/_18_/B (NOR2x1_ASAP7_75t_R)
                 16.94   13.02  135.35 ^ boot/_18_/Y (NOR2x1_ASAP7_75t_R)
     3    1.66                           boot/_05_ (net)
                 16.94    0.00  135.35 ^ boot/_27_/B (AND5x1_ASAP7_75t_R)
                 24.29   38.61  173.96 ^ boot/_27_/Y (AND5x1_ASAP7_75t_R)
     4    2.26                           instr_int[17] (net)
                 24.29    0.00  173.96 ^ pcmux/_054_/B (AND2x2_ASAP7_75t_R)
                  7.65   20.38  194.34 ^ pcmux/_054_/Y (AND2x2_ASAP7_75t_R)
     1    0.63                           pcmux/_007_ (net)
                  7.65    0.00  194.34 ^ pcmux/_055_/B (AO21x2_ASAP7_75t_R)
                 16.99   16.57  210.90 ^ pcmux/_055_/Y (AO21x2_ASAP7_75t_R)
     6    4.05                           instr_out[6] (net)
                 16.99    0.00  210.90 ^ riscv/c/md/_29_/A (INVx1_ASAP7_75t_R)
                 13.08   10.59  221.49 v riscv/c/md/_29_/Y (INVx1_ASAP7_75t_R)
     3    1.84                           riscv/c/md/_03_ (net)
                 13.08    0.00  221.49 v riscv/c/md/_40_/B (AND4x2_ASAP7_75t_R)
                 64.27   45.88  267.37 v riscv/c/md/_40_/Y (AND4x2_ASAP7_75t_R)
    44   22.77                           riscv/imm[2] (net)
                 64.27    0.00  267.37 v riscv/dp/rs1mux/_06_/A (INVx1_ASAP7_75t_R)
                 33.29   26.84  294.21 ^ riscv/dp/rs1mux/_06_/Y (INVx1_ASAP7_75t_R)
     5    3.11                           riscv/dp/rs1mux/_00_ (net)
                 33.29    0.00  294.21 ^ riscv/dp/rs1mux/_08_/A2 (AO21x2_ASAP7_75t_R)
               1448.76  658.35  952.56 ^ riscv/dp/rs1mux/_08_/Y (AO21x2_ASAP7_75t_R)
   678  482.84                           riscv/dp/rs1[0] (net)
               1448.76    0.00  952.56 ^ riscv/dp/rf/_07012_/A (INVx1_ASAP7_75t_R)
                800.77 1090.26 2042.83 v riscv/dp/rf/_07012_/Y (INVx1_ASAP7_75t_R)
   201  115.39                           riscv/dp/rf/_02071_ (net)
                800.77    0.00 2042.83 v riscv/dp/rf/_07306_/C (OA211x2_ASAP7_75t_R)
                 28.13  170.32 2213.14 v riscv/dp/rf/_07306_/Y (OA211x2_ASAP7_75t_R)
     1    0.60                           riscv/dp/rf/_02359_ (net)
                 28.13    0.00 2213.14 v riscv/dp/rf/_07307_/C (OR3x1_ASAP7_75t_R)
                 12.82   26.71 2239.86 v riscv/dp/rf/_07307_/Y (OR3x1_ASAP7_75t_R)
     1    0.50                           riscv/dp/rf/_02360_ (net)
                 12.82    0.00 2239.86 v riscv/dp/rf/_07329_/B (AND5x1_ASAP7_75t_R)
                  7.36   19.22 2259.08 v riscv/dp/rf/_07329_/Y (AND5x1_ASAP7_75t_R)
     1    0.63                           riscv/dp/rf/_02381_ (net)
                  7.36    0.00 2259.08 v riscv/dp/rf/_07330_/B (AO21x1_ASAP7_75t_R)
                 35.77   30.50 2289.58 v riscv/dp/rf/_07330_/Y (AO21x1_ASAP7_75t_R)
     8    6.66                           riscv/dp/srca2[3] (net)
                 35.77    0.00 2289.58 v riscv/dp/alu/_744_/A (INVx1_ASAP7_75t_R)
                 15.24   12.69 2302.27 ^ riscv/dp/alu/_744_/Y (INVx1_ASAP7_75t_R)
     1    1.06                           riscv/dp/alu/_368_ (net)
                 15.24    0.00 2302.27 ^ riscv/dp/alu/_807_/A (HAxp5_ASAP7_75t_R)
                 67.20   63.03 2365.30 ^ riscv/dp/alu/_807_/SN (HAxp5_ASAP7_75t_R)
     5    4.48                           riscv/dp/alu/_078_ (net)
                 67.20    0.00 2365.30 ^ riscv/dp/alu/_547_/A2 (AO211x2_ASAP7_75t_R)
                  8.02   28.42 2393.72 ^ riscv/dp/alu/_547_/Y (AO211x2_ASAP7_75t_R)
     1    0.61                           riscv/dp/alu/_152_ (net)
                  8.02    0.00 2393.72 ^ riscv/dp/alu/_550_/A1 (OA21x2_ASAP7_75t_R)
                 14.09   19.86 2413.58 ^ riscv/dp/alu/_550_/Y (OA21x2_ASAP7_75t_R)
     3    3.30                           riscv/dp/alu/_323_ (net)
                 14.09    0.00 2413.58 ^ riscv/dp/alu/_552_/B2 (AO221x1_ASAP7_75t_R)
                 15.93   21.90 2435.48 ^ riscv/dp/alu/_552_/Y (AO221x1_ASAP7_75t_R)
     3    1.74                           riscv/dp/alu/_156_ (net)
                 15.93    0.00 2435.48 ^ riscv/dp/alu/_554_/B1 (OA22x2_ASAP7_75t_R)
                 18.81   24.48 2459.96 ^ riscv/dp/alu/_554_/Y (OA22x2_ASAP7_75t_R)
     6    4.80                           riscv/dp/alu/_158_ (net)
                 18.81    0.00 2459.96 ^ riscv/dp/alu/_573_/A1 (OAI21x1_ASAP7_75t_R)
                 17.90   12.89 2472.85 v riscv/dp/alu/_573_/Y (OAI21x1_ASAP7_75t_R)
     2    2.96                           riscv/dp/alu/_177_ (net)
                 17.90    0.00 2472.85 v riscv/dp/alu/_726_/A (INVx3_ASAP7_75t_R)
                 10.56    8.86 2481.71 ^ riscv/dp/alu/_726_/Y (INVx3_ASAP7_75t_R)
     2    2.78                           riscv/dp/alu/_357_ (net)
                 10.56    0.00 2481.71 ^ riscv/dp/alu/_734_/A1 (OA21x2_ASAP7_75t_R)
                 10.85   18.71 2500.43 ^ riscv/dp/alu/_734_/Y (OA21x2_ASAP7_75t_R)
     1    2.17                           riscv/dp/alu/_360_ (net)
                 10.85    0.00 2500.43 ^ riscv/dp/alu/_800_/B (FAx1_ASAP7_75t_R)
                 25.02   16.82 2517.25 v riscv/dp/alu/_800_/CON (FAx1_ASAP7_75t_R)
     1    1.05                           riscv/dp/alu/_071_ (net)
                 25.02    0.00 2517.25 v riscv/dp/alu/_739_/B (XOR2x2_ASAP7_75t_R)
                 10.10   26.74 2543.99 v riscv/dp/alu/_739_/Y (XOR2x2_ASAP7_75t_R)
     1    1.23                           riscv/dp/alu/_303_ (net)
                 10.10    0.00 2543.99 v riscv/dp/alu/_740_/B2 (OAI22x1_ASAP7_75t_R)
                 35.81   10.09 2554.08 ^ riscv/dp/alu/_740_/Y (OAI22x1_ASAP7_75t_R)
     1    0.53                           riscv/dp/alu/_304_ (net)
                 35.81    0.00 2554.08 ^ riscv/dp/alu/_741_/C (AO221x1_ASAP7_75t_R)
                 10.77   20.76 2574.84 ^ riscv/dp/alu/_741_/Y (AO221x1_ASAP7_75t_R)
     1    0.63                           riscv/dp/aluout2[31] (net)
                 10.77    0.00 2574.84 ^ riscv/dp/srccmux/_109_/A2 (AO21x1_ASAP7_75t_R)
                 95.90   54.39 2629.23 ^ riscv/dp/srccmux/_109_/Y (AO21x1_ASAP7_75t_R)
     9   15.82                           dataadr[31] (net)
                 95.90    0.00 2629.23 ^ dmem/_133_/C (NOR3x2_ASAP7_75t_R)
                 43.69   41.35 2670.58 v dmem/_133_/Y (NOR3x2_ASAP7_75t_R)
     3    6.03                           dmem/ce_mem[0] (net)
                 43.69    0.00 2670.58 v dmem/_145_/B2 (AO22x1_ASAP7_75t_R)
                  9.29   26.71 2697.29 v dmem/_145_/Y (AO22x1_ASAP7_75t_R)
     1    0.64                           dmem/_006_ (net)
                  9.29    0.00 2697.29 v dmem/_146_/B (AO21x2_ASAP7_75t_R)
                  8.96   19.48 2716.77 v dmem/_146_/Y (AO21x2_ASAP7_75t_R)
     3    1.63                           readdata[0] (net)
                  8.96    0.00 2716.77 v riscv/dp/halfbytemux1/_113_/A (AND2x2_ASAP7_75t_R)
                  6.49   16.64 2733.41 v riscv/dp/halfbytemux1/_113_/Y (AND2x2_ASAP7_75t_R)
     1    0.63                           riscv/dp/halfbytemux1/_003_ (net)
                  6.49    0.00 2733.41 v riscv/dp/halfbytemux1/_114_/B (AO21x1_ASAP7_75t_R)
                  7.94   15.06 2748.47 v riscv/dp/halfbytemux1/_114_/Y (AO21x1_ASAP7_75t_R)
     1    0.63                           riscv/dp/halfbytemux1/_004_ (net)
                  7.94    0.00 2748.47 v riscv/dp/halfbytemux1/_116_/A2 (AO21x1_ASAP7_75t_R)
                  8.43   13.70 2762.17 v riscv/dp/halfbytemux1/_116_/Y (AO21x1_ASAP7_75t_R)
     1    0.51                           riscv/dp/readdata4[0] (net)
                  8.43    0.00 2762.17 v riscv/dp/resmux/_040_/A (AND2x2_ASAP7_75t_R)
                  9.17   16.47 2778.63 v riscv/dp/resmux/_040_/Y (AND2x2_ASAP7_75t_R)
     1    0.63                           riscv/dp/resmux/_038_ (net)
                  9.17    0.00 2778.63 v riscv/dp/resmux/_041_/B (AO21x1_ASAP7_75t_R)
                  8.26   15.59 2794.22 v riscv/dp/resmux/_041_/Y (AO21x1_ASAP7_75t_R)
     1    0.61                           riscv/dp/result[0] (net)
                  8.26    0.00 2794.22 v riscv/dp/storepcmux/_041_/A1 (AO21x1_ASAP7_75t_R)
                 94.71   58.73 2852.95 v riscv/dp/storepcmux/_041_/Y (AO21x1_ASAP7_75t_R)
    31   18.96                           riscv/dp/result2[0] (net)
                 94.71    0.00 2852.95 v riscv/dp/rf/_11375_/A1 (AO21x1_ASAP7_75t_R)
                 12.25   30.15 2883.11 v riscv/dp/rf/_11375_/Y (AO21x1_ASAP7_75t_R)
     1    0.62                           riscv/dp/rf/_01313_ (net)
                 12.25    0.00 2883.11 v riscv/dp/rf/_13308_/D (DFFLQNx1_ASAP7_75t_R)
                               2883.11   data arrival time

                  0.00  400.00  400.00   clock clk' (fall edge)
                          0.00  400.00   clock network delay (ideal)
                          0.00  400.00   clock reconvergence pessimism
                                400.00 v riscv/dp/rf/_13308_/CLK (DFFLQNx1_ASAP7_75t_R)
                        -10.11  389.89   library setup time
                                389.89   data required time
-----------------------------------------------------------------------------
                                389.89   data required time
                               -2883.11   data arrival time
-----------------------------------------------------------------------------
                               -2493.22   slack (VIOLATED)



==========================================================================
floorplan final report_power
--------------------------------------------------------------------------
Group                  Internal  Switching    Leakage      Total
                          Power      Power      Power      Power (Watts)
----------------------------------------------------------------
Sequential             4.03e-03   1.93e-04   1.58e-07   4.22e-03  12.8%
Combinational          2.73e-02   9.63e-04   5.17e-04   2.87e-02  87.2%
Macro                  0.00e+00   0.00e+00   0.00e+00   0.00e+00   0.0%
Pad                    0.00e+00   0.00e+00   0.00e+00   0.00e+00   0.0%
----------------------------------------------------------------
Total                  3.13e-02   1.16e-03   5.17e-04   3.30e-02 100.0%
                          94.9%       3.5%       1.6%

==========================================================================
floorplan final report_design_area
--------------------------------------------------------------------------
Design area 2193 u^2 20% utilization.

Elapsed time: 0:07.33[h:]min:sec. CPU time: user 6.88 sys 0.43 (99%). Peak memory: 317832KB.
