OpenROAD v2.0-6895-g5c85b36f8 
This program is licensed under the BSD-3 license. See the LICENSE file for details.
Components of this program may be licensed under more restrictive licenses which must be honored.
[WARNING STA-0164] /home/pst_nafi/OpenROAD-flow-scripts/flow/platforms/asap7/lib/asap7sc7p5t_SIMPLE_RVT_FF_nldm_211120.lib.gz line 13178, timing group from output port.
[WARNING STA-0164] /home/pst_nafi/OpenROAD-flow-scripts/flow/platforms/asap7/lib/asap7sc7p5t_SIMPLE_RVT_FF_nldm_211120.lib.gz line 13211, timing group from output port.
[WARNING STA-0164] /home/pst_nafi/OpenROAD-flow-scripts/flow/platforms/asap7/lib/asap7sc7p5t_SIMPLE_RVT_FF_nldm_211120.lib.gz line 13244, timing group from output port.
[WARNING STA-0164] /home/pst_nafi/OpenROAD-flow-scripts/flow/platforms/asap7/lib/asap7sc7p5t_SIMPLE_RVT_FF_nldm_211120.lib.gz line 13277, timing group from output port.
[WARNING STA-0164] /home/pst_nafi/OpenROAD-flow-scripts/flow/platforms/asap7/lib/asap7sc7p5t_SIMPLE_RVT_FF_nldm_211120.lib.gz line 13310, timing group from output port.
[WARNING STA-0164] /home/pst_nafi/OpenROAD-flow-scripts/flow/platforms/asap7/lib/asap7sc7p5t_SIMPLE_RVT_FF_nldm_211120.lib.gz line 13343, timing group from output port.
[WARNING STA-0164] /home/pst_nafi/OpenROAD-flow-scripts/flow/platforms/asap7/lib/asap7sc7p5t_SIMPLE_RVT_FF_nldm_211120.lib.gz line 13376, timing group from output port.
[WARNING STA-0164] /home/pst_nafi/OpenROAD-flow-scripts/flow/platforms/asap7/lib/asap7sc7p5t_SIMPLE_RVT_FF_nldm_211120.lib.gz line 14772, timing group from output port.
[WARNING STA-0164] /home/pst_nafi/OpenROAD-flow-scripts/flow/platforms/asap7/lib/asap7sc7p5t_SIMPLE_RVT_FF_nldm_211120.lib.gz line 14805, timing group from output port.
[WARNING STA-0164] /home/pst_nafi/OpenROAD-flow-scripts/flow/platforms/asap7/lib/asap7sc7p5t_SIMPLE_RVT_FF_nldm_211120.lib.gz line 14838, timing group from output port.
[WARNING STA-0053] /home/pst_nafi/OpenROAD-flow-scripts/flow/platforms/asap7/lib/asap7sc7p5t_AO_RVT_FF_nldm_211120.lib.gz line 34, library asap7sc7p5t_AO_RVT_FF_nldm_211120 already exists.
[WARNING STA-0053] /home/pst_nafi/OpenROAD-flow-scripts/flow/platforms/asap7/lib/asap7sc7p5t_INVBUF_RVT_FF_nldm_220122.lib.gz line 34, library asap7sc7p5t_INVBUF_RVT_FF_nldm_211120 already exists.
[WARNING STA-0053] /home/pst_nafi/OpenROAD-flow-scripts/flow/platforms/asap7/lib/asap7sc7p5t_OA_RVT_FF_nldm_211120.lib.gz line 34, library asap7sc7p5t_OA_RVT_FF_nldm_211120 already exists.
[WARNING STA-0053] /home/pst_nafi/OpenROAD-flow-scripts/flow/platforms/asap7/lib/asap7sc7p5t_SIMPLE_RVT_FF_nldm_211120.lib.gz line 34, library asap7sc7p5t_SIMPLE_RVT_FF_nldm_211120 already exists.
[WARNING STA-0164] /home/pst_nafi/OpenROAD-flow-scripts/flow/platforms/asap7/lib/asap7sc7p5t_SIMPLE_RVT_FF_nldm_211120.lib.gz line 13178, timing group from output port.
[WARNING STA-0164] /home/pst_nafi/OpenROAD-flow-scripts/flow/platforms/asap7/lib/asap7sc7p5t_SIMPLE_RVT_FF_nldm_211120.lib.gz line 13211, timing group from output port.
[WARNING STA-0164] /home/pst_nafi/OpenROAD-flow-scripts/flow/platforms/asap7/lib/asap7sc7p5t_SIMPLE_RVT_FF_nldm_211120.lib.gz line 13244, timing group from output port.
[WARNING STA-0164] /home/pst_nafi/OpenROAD-flow-scripts/flow/platforms/asap7/lib/asap7sc7p5t_SIMPLE_RVT_FF_nldm_211120.lib.gz line 13277, timing group from output port.
[WARNING STA-0164] /home/pst_nafi/OpenROAD-flow-scripts/flow/platforms/asap7/lib/asap7sc7p5t_SIMPLE_RVT_FF_nldm_211120.lib.gz line 13310, timing group from output port.
[WARNING STA-0164] /home/pst_nafi/OpenROAD-flow-scripts/flow/platforms/asap7/lib/asap7sc7p5t_SIMPLE_RVT_FF_nldm_211120.lib.gz line 13343, timing group from output port.
[WARNING STA-0164] /home/pst_nafi/OpenROAD-flow-scripts/flow/platforms/asap7/lib/asap7sc7p5t_SIMPLE_RVT_FF_nldm_211120.lib.gz line 13376, timing group from output port.
[WARNING STA-0164] /home/pst_nafi/OpenROAD-flow-scripts/flow/platforms/asap7/lib/asap7sc7p5t_SIMPLE_RVT_FF_nldm_211120.lib.gz line 14772, timing group from output port.
[WARNING STA-0164] /home/pst_nafi/OpenROAD-flow-scripts/flow/platforms/asap7/lib/asap7sc7p5t_SIMPLE_RVT_FF_nldm_211120.lib.gz line 14805, timing group from output port.
[WARNING STA-0164] /home/pst_nafi/OpenROAD-flow-scripts/flow/platforms/asap7/lib/asap7sc7p5t_SIMPLE_RVT_FF_nldm_211120.lib.gz line 14838, timing group from output port.
[WARNING STA-0053] /home/pst_nafi/OpenROAD-flow-scripts/flow/platforms/asap7/lib/asap7sc7p5t_SEQ_RVT_FF_nldm_220123.lib line 35, library asap7sc7p5t_SEQ_RVT_FF_nldm_220123 already exists.
[WARNING STA-0053] ./platforms/asap7/lib/fakeram7_256x32.lib line 1, library fakeram7_256x32 already exists.
RTLMP flow enabled. Skipping tdms place.
Elapsed time: 0:04.20[h:]min:sec. CPU time: user 3.97 sys 0.18 (99%). Peak memory: 291620KB.
